<?xml version="1.0" encoding="UTF-8"?>
<!-- Generated by org.testng.reporters.JUnitReportReporter -->
<testsuite skipped="0" hostname="EON-harishsi" name="demo.TestNGTest" tests="1" failures="0" timestamp="07 Oct 2019 13:39:14 GMT" time="0.007" errors="0">
  <testcase name="demo" time="0.007" classname="demo.TestNGTest"/>
</testsuite> <!-- demo.TestNGTest -->
