<?xml version="1.0" encoding="UTF-8"?>
<!-- Generated by org.testng.reporters.JUnitReportReporter -->
<testsuite skipped="0" hostname="EON-harishsi" name="demo.Sample" tests="1" failures="0" timestamp="15 Oct 2019 08:31:52 GMT" time="16.429" errors="0">
  <testcase name="testDemo" time="16.429" classname="demo.Sample"/>
</testsuite> <!-- demo.Sample -->
