<?xml version="1.0" encoding="UTF-8"?>
<!-- Generated by org.testng.reporters.JUnitReportReporter -->
<testsuite skipped="0" hostname="EON-harishsi" name="demo.Sample" tests="1" failures="0" timestamp="08 Oct 2019 09:12:11 GMT" time="13.994" errors="0">
  <testcase name="testDemo" time="13.994" classname="demo.Sample"/>
</testsuite> <!-- demo.Sample -->
